[INFO ] 11:25:35.627 c.marketkurly.MarketkurlyApplication - Starting MarketkurlyApplication using Java 11.0.14 on DESKTOP-L22M668 with PID 51876 (D:\selfcoding\marketKurly\Backend\build\classes\java\main started by JAEKYUN in D:\selfcoding\marketKurly\Backend)
[INFO ] 11:25:35.630 c.marketkurly.MarketkurlyApplication - No active profile set, falling back to 1 default profile: "default"
[INFO ] 11:25:35.644 o.h.validator.internal.util.Version - HV000001: Hibernate Validator 6.2.3.Final
[INFO ] 11:25:36.875 o.s.d.r.c.RepositoryConfigurationDelegate - Bootstrapping Spring Data JPA repositories in DEFAULT mode.
[INFO ] 11:25:36.946 o.s.d.r.c.RepositoryConfigurationDelegate - Finished Spring Data repository scanning in 59 ms. Found 1 JPA repository interfaces.
[INFO ] 11:25:37.478 o.s.b.w.e.tomcat.TomcatWebServer - Tomcat initialized with port(s): 8041 (http)
[INFO ] 11:25:37.484 o.a.coyote.http11.Http11NioProtocol - Initializing ProtocolHandler ["http-nio-8041"]
[INFO ] 11:25:37.485 o.a.catalina.core.StandardService - Starting service [Tomcat]
[INFO ] 11:25:37.485 o.a.catalina.core.StandardEngine - Starting Servlet engine: [Apache Tomcat/9.0.60]
[INFO ] 11:25:37.613 o.a.c.c.C.[Tomcat].[localhost].[/] - Initializing Spring embedded WebApplicationContext
[INFO ] 11:25:37.613 o.s.b.w.s.c.ServletWebServerApplicationContext - Root WebApplicationContext: initialization completed in 1857 ms
[INFO ] 11:25:37.735 o.h.jpa.internal.util.LogHelper - HHH000204: Processing PersistenceUnitInfo [name: default]
[INFO ] 11:25:37.776 org.hibernate.Version - HHH000412: Hibernate ORM core version 5.6.7.Final
[INFO ] 11:25:37.907 o.h.annotations.common.Version - HCANN000001: Hibernate Commons Annotations {5.1.2.Final}
[INFO ] 11:25:37.997 com.zaxxer.hikari.HikariDataSource - HikariPool-1 - Starting...
[INFO ] 11:25:38.043 com.zaxxer.hikari.HikariDataSource - HikariPool-1 - Start completed.
[INFO ] 11:25:38.066 org.hibernate.dialect.Dialect - HHH000400: Using dialect: org.hibernate.dialect.H2Dialect
[INFO ] 11:25:38.710 o.h.e.t.j.p.i.JtaPlatformInitiator - HHH000490: Using JtaPlatform implementation: [org.hibernate.engine.transaction.jta.platform.internal.NoJtaPlatform]
[INFO ] 11:25:38.720 o.s.o.j.LocalContainerEntityManagerFactoryBean - Initialized JPA EntityManagerFactory for persistence unit 'default'
[WARN ] 11:25:39.067 o.s.b.w.s.c.AnnotationConfigServletWebServerApplicationContext - Exception encountered during context initialization - cancelling refresh attempt: org.springframework.beans.factory.UnsatisfiedDependencyException: Error creating bean with name 'userController' defined in file [D:\selfcoding\marketKurly\Backend\build\classes\java\main\com\marketkurly\controller\UserController.class]: Unsatisfied dependency expressed through constructor parameter 0; nested exception is org.springframework.beans.factory.UnsatisfiedDependencyException: Error creating bean with name 'userService' defined in file [D:\selfcoding\marketKurly\Backend\build\classes\java\main\com\marketkurly\service\UserService.class]: Unsatisfied dependency expressed through constructor parameter 0; nested exception is org.springframework.beans.factory.UnsatisfiedDependencyException: Error creating bean with name 'signupValidator' defined in file [D:\selfcoding\marketKurly\Backend\build\classes\java\main\com\marketkurly\util\SignupValidator.class]: Unsatisfied dependency expressed through constructor parameter 1; nested exception is org.springframework.beans.factory.NoSuchBeanDefinitionException: No qualifying bean of type 'org.springframework.security.crypto.password.PasswordEncoder' available: expected at least 1 bean which qualifies as autowire candidate. Dependency annotations: {}
[INFO ] 11:25:39.067 o.s.o.j.LocalContainerEntityManagerFactoryBean - Closing JPA EntityManagerFactory for persistence unit 'default'
[INFO ] 11:25:39.067 o.h.t.s.i.SchemaDropperImpl$DelayedDropActionImpl - HHH000477: Starting delayed evictData of schema as part of SessionFactory shut-down'
[INFO ] 11:25:39.074 com.zaxxer.hikari.HikariDataSource - HikariPool-1 - Shutdown initiated...
[INFO ] 11:25:39.081 com.zaxxer.hikari.HikariDataSource - HikariPool-1 - Shutdown completed.
[INFO ] 11:25:39.082 o.a.catalina.core.StandardService - Stopping service [Tomcat]
[INFO ] 11:25:39.091 o.s.b.a.l.ConditionEvaluationReportLoggingListener - 

Error starting ApplicationContext. To display the conditions report re-run your application with 'debug' enabled.
[ERROR] 11:25:39.111 o.s.b.d.LoggingFailureAnalysisReporter - 

***************************
APPLICATION FAILED TO START
***************************

Description:

Parameter 1 of constructor in com.marketkurly.util.SignupValidator required a bean of type 'org.springframework.security.crypto.password.PasswordEncoder' that could not be found.


Action:

Consider defining a bean of type 'org.springframework.security.crypto.password.PasswordEncoder' in your configuration.

[INFO ] 11:27:28.659 c.marketkurly.MarketkurlyApplication - Starting MarketkurlyApplication using Java 11.0.14 on DESKTOP-L22M668 with PID 59788 (D:\selfcoding\marketKurly\Backend\build\classes\java\main started by JAEKYUN in D:\selfcoding\marketKurly\Backend)
[INFO ] 11:27:28.660 o.h.validator.internal.util.Version - HV000001: Hibernate Validator 6.2.3.Final
[INFO ] 11:27:28.664 c.marketkurly.MarketkurlyApplication - No active profile set, falling back to 1 default profile: "default"
[INFO ] 11:27:29.339 o.s.d.r.c.RepositoryConfigurationDelegate - Bootstrapping Spring Data JPA repositories in DEFAULT mode.
[INFO ] 11:27:29.393 o.s.d.r.c.RepositoryConfigurationDelegate - Finished Spring Data repository scanning in 47 ms. Found 1 JPA repository interfaces.
[INFO ] 11:27:29.870 o.s.b.w.e.tomcat.TomcatWebServer - Tomcat initialized with port(s): 8041 (http)
[INFO ] 11:27:29.878 o.a.coyote.http11.Http11NioProtocol - Initializing ProtocolHandler ["http-nio-8041"]
[INFO ] 11:27:29.878 o.a.catalina.core.StandardService - Starting service [Tomcat]
[INFO ] 11:27:29.878 o.a.catalina.core.StandardEngine - Starting Servlet engine: [Apache Tomcat/9.0.60]
[INFO ] 11:27:30.004 o.a.c.c.C.[Tomcat].[localhost].[/] - Initializing Spring embedded WebApplicationContext
[INFO ] 11:27:30.004 o.s.b.w.s.c.ServletWebServerApplicationContext - Root WebApplicationContext: initialization completed in 1300 ms
[INFO ] 11:27:30.123 o.h.jpa.internal.util.LogHelper - HHH000204: Processing PersistenceUnitInfo [name: default]
[INFO ] 11:27:30.163 org.hibernate.Version - HHH000412: Hibernate ORM core version 5.6.7.Final
[INFO ] 11:27:30.281 o.h.annotations.common.Version - HCANN000001: Hibernate Commons Annotations {5.1.2.Final}
[INFO ] 11:27:30.370 com.zaxxer.hikari.HikariDataSource - HikariPool-1 - Starting...
[INFO ] 11:27:30.411 com.zaxxer.hikari.HikariDataSource - HikariPool-1 - Start completed.
[INFO ] 11:27:30.428 org.hibernate.dialect.Dialect - HHH000400: Using dialect: org.hibernate.dialect.H2Dialect
[WARN ] 11:27:30.907 o.h.t.s.i.ExceptionHandlerLoggedImpl - GenerationTarget encountered exception accepting command : Error executing DDL "drop table if exists User CASCADE " via JDBC Statement
org.hibernate.tool.schema.spi.CommandAcceptanceException: Error executing DDL "drop table if exists User CASCADE " via JDBC Statement
	at org.hibernate.tool.schema.internal.exec.GenerationTargetToDatabase.accept(GenerationTargetToDatabase.java:67)
	at org.hibernate.tool.schema.internal.SchemaDropperImpl.applySqlString(SchemaDropperImpl.java:387)
	at org.hibernate.tool.schema.internal.SchemaDropperImpl.applySqlStrings(SchemaDropperImpl.java:371)
	at org.hibernate.tool.schema.internal.SchemaDropperImpl.dropFromMetadata(SchemaDropperImpl.java:246)
	at org.hibernate.tool.schema.internal.SchemaDropperImpl.performDrop(SchemaDropperImpl.java:156)
	at org.hibernate.tool.schema.internal.SchemaDropperImpl.doDrop(SchemaDropperImpl.java:128)
	at org.hibernate.tool.schema.internal.SchemaDropperImpl.doDrop(SchemaDropperImpl.java:114)
	at org.hibernate.tool.schema.spi.SchemaManagementToolCoordinator.performDatabaseAction(SchemaManagementToolCoordinator.java:157)
	at org.hibernate.tool.schema.spi.SchemaManagementToolCoordinator.process(SchemaManagementToolCoordinator.java:85)
	at org.hibernate.internal.SessionFactoryImpl.<init>(SessionFactoryImpl.java:335)
	at org.hibernate.boot.internal.SessionFactoryBuilderImpl.build(SessionFactoryBuilderImpl.java:471)
	at org.hibernate.jpa.boot.internal.EntityManagerFactoryBuilderImpl.build(EntityManagerFactoryBuilderImpl.java:1498)
	at org.springframework.orm.jpa.vendor.SpringHibernateJpaPersistenceProvider.createContainerEntityManagerFactory(SpringHibernateJpaPersistenceProvider.java:58)
	at org.springframework.orm.jpa.LocalContainerEntityManagerFactoryBean.createNativeEntityManagerFactory(LocalContainerEntityManagerFactoryBean.java:365)
	at org.springframework.orm.jpa.AbstractEntityManagerFactoryBean.buildNativeEntityManagerFactory(AbstractEntityManagerFactoryBean.java:409)
	at org.springframework.orm.jpa.AbstractEntityManagerFactoryBean.afterPropertiesSet(AbstractEntityManagerFactoryBean.java:396)
	at org.springframework.orm.jpa.LocalContainerEntityManagerFactoryBean.afterPropertiesSet(LocalContainerEntityManagerFactoryBean.java:341)
	at org.springframework.beans.factory.support.AbstractAutowireCapableBeanFactory.invokeInitMethods(AbstractAutowireCapableBeanFactory.java:1863)
	at org.springframework.beans.factory.support.AbstractAutowireCapableBeanFactory.initializeBean(AbstractAutowireCapableBeanFactory.java:1800)
	at org.springframework.beans.factory.support.AbstractAutowireCapableBeanFactory.doCreateBean(AbstractAutowireCapableBeanFactory.java:620)
	at org.springframework.beans.factory.support.AbstractAutowireCapableBeanFactory.createBean(AbstractAutowireCapableBeanFactory.java:542)
	at org.springframework.beans.factory.support.AbstractBeanFactory.lambda$doGetBean$0(AbstractBeanFactory.java:335)
	at org.springframework.beans.factory.support.DefaultSingletonBeanRegistry.getSingleton(DefaultSingletonBeanRegistry.java:234)
	at org.springframework.beans.factory.support.AbstractBeanFactory.doGetBean(AbstractBeanFactory.java:333)
	at org.springframework.beans.factory.support.AbstractBeanFactory.getBean(AbstractBeanFactory.java:208)
	at org.springframework.context.support.AbstractApplicationContext.getBean(AbstractApplicationContext.java:1154)
	at org.springframework.context.support.AbstractApplicationContext.finishBeanFactoryInitialization(AbstractApplicationContext.java:908)
	at org.springframework.context.support.AbstractApplicationContext.refresh(AbstractApplicationContext.java:583)
	at org.springframework.boot.web.servlet.context.ServletWebServerApplicationContext.refresh(ServletWebServerApplicationContext.java:145)
	at org.springframework.boot.SpringApplication.refresh(SpringApplication.java:740)
	at org.springframework.boot.SpringApplication.refreshContext(SpringApplication.java:415)
	at org.springframework.boot.SpringApplication.run(SpringApplication.java:303)
	at org.springframework.boot.SpringApplication.run(SpringApplication.java:1312)
	at org.springframework.boot.SpringApplication.run(SpringApplication.java:1301)
	at com.marketkurly.MarketkurlyApplication.main(MarketkurlyApplication.java:13)
Caused by: org.h2.jdbc.JdbcSQLSyntaxErrorException: Syntax error in SQL statement "drop table if exists [*]User CASCADE "; expected "identifier"; SQL statement:
drop table if exists User CASCADE  [42001-200]
	at org.h2.message.DbException.getJdbcSQLException(DbException.java:453)
	at org.h2.engine.SessionRemote.done(SessionRemote.java:611)
	at org.h2.command.CommandRemote.prepare(CommandRemote.java:85)
	at org.h2.command.CommandRemote.<init>(CommandRemote.java:51)
	at org.h2.engine.SessionRemote.prepareCommand(SessionRemote.java:481)
	at org.h2.jdbc.JdbcConnection.prepareCommand(JdbcConnection.java:1235)
	at org.h2.jdbc.JdbcStatement.executeInternal(JdbcStatement.java:212)
	at org.h2.jdbc.JdbcStatement.execute(JdbcStatement.java:201)
	at com.zaxxer.hikari.pool.ProxyStatement.execute(ProxyStatement.java:94)
	at com.zaxxer.hikari.pool.HikariProxyStatement.execute(HikariProxyStatement.java)
	at org.hibernate.tool.schema.internal.exec.GenerationTargetToDatabase.accept(GenerationTargetToDatabase.java:54)
	... 34 common frames omitted
[WARN ] 11:27:30.910 o.h.t.s.i.ExceptionHandlerLoggedImpl - GenerationTarget encountered exception accepting command : Error executing DDL "create table User (id bigint generated by default as identity, email varchar(255), password varchar(255), username varchar(255), primary key (id))" via JDBC Statement
org.hibernate.tool.schema.spi.CommandAcceptanceException: Error executing DDL "create table User (id bigint generated by default as identity, email varchar(255), password varchar(255), username varchar(255), primary key (id))" via JDBC Statement
	at org.hibernate.tool.schema.internal.exec.GenerationTargetToDatabase.accept(GenerationTargetToDatabase.java:67)
	at org.hibernate.tool.schema.internal.SchemaCreatorImpl.applySqlString(SchemaCreatorImpl.java:458)
	at org.hibernate.tool.schema.internal.SchemaCreatorImpl.applySqlStrings(SchemaCreatorImpl.java:442)
	at org.hibernate.tool.schema.internal.SchemaCreatorImpl.createFromMetadata(SchemaCreatorImpl.java:325)
	at org.hibernate.tool.schema.internal.SchemaCreatorImpl.performCreation(SchemaCreatorImpl.java:169)
	at org.hibernate.tool.schema.internal.SchemaCreatorImpl.doCreation(SchemaCreatorImpl.java:138)
	at org.hibernate.tool.schema.internal.SchemaCreatorImpl.doCreation(SchemaCreatorImpl.java:124)
	at org.hibernate.tool.schema.spi.SchemaManagementToolCoordinator.performDatabaseAction(SchemaManagementToolCoordinator.java:168)
	at org.hibernate.tool.schema.spi.SchemaManagementToolCoordinator.process(SchemaManagementToolCoordinator.java:85)
	at org.hibernate.internal.SessionFactoryImpl.<init>(SessionFactoryImpl.java:335)
	at org.hibernate.boot.internal.SessionFactoryBuilderImpl.build(SessionFactoryBuilderImpl.java:471)
	at org.hibernate.jpa.boot.internal.EntityManagerFactoryBuilderImpl.build(EntityManagerFactoryBuilderImpl.java:1498)
	at org.springframework.orm.jpa.vendor.SpringHibernateJpaPersistenceProvider.createContainerEntityManagerFactory(SpringHibernateJpaPersistenceProvider.java:58)
	at org.springframework.orm.jpa.LocalContainerEntityManagerFactoryBean.createNativeEntityManagerFactory(LocalContainerEntityManagerFactoryBean.java:365)
	at org.springframework.orm.jpa.AbstractEntityManagerFactoryBean.buildNativeEntityManagerFactory(AbstractEntityManagerFactoryBean.java:409)
	at org.springframework.orm.jpa.AbstractEntityManagerFactoryBean.afterPropertiesSet(AbstractEntityManagerFactoryBean.java:396)
	at org.springframework.orm.jpa.LocalContainerEntityManagerFactoryBean.afterPropertiesSet(LocalContainerEntityManagerFactoryBean.java:341)
	at org.springframework.beans.factory.support.AbstractAutowireCapableBeanFactory.invokeInitMethods(AbstractAutowireCapableBeanFactory.java:1863)
	at org.springframework.beans.factory.support.AbstractAutowireCapableBeanFactory.initializeBean(AbstractAutowireCapableBeanFactory.java:1800)
	at org.springframework.beans.factory.support.AbstractAutowireCapableBeanFactory.doCreateBean(AbstractAutowireCapableBeanFactory.java:620)
	at org.springframework.beans.factory.support.AbstractAutowireCapableBeanFactory.createBean(AbstractAutowireCapableBeanFactory.java:542)
	at org.springframework.beans.factory.support.AbstractBeanFactory.lambda$doGetBean$0(AbstractBeanFactory.java:335)
	at org.springframework.beans.factory.support.DefaultSingletonBeanRegistry.getSingleton(DefaultSingletonBeanRegistry.java:234)
	at org.springframework.beans.factory.support.AbstractBeanFactory.doGetBean(AbstractBeanFactory.java:333)
	at org.springframework.beans.factory.support.AbstractBeanFactory.getBean(AbstractBeanFactory.java:208)
	at org.springframework.context.support.AbstractApplicationContext.getBean(AbstractApplicationContext.java:1154)
	at org.springframework.context.support.AbstractApplicationContext.finishBeanFactoryInitialization(AbstractApplicationContext.java:908)
	at org.springframework.context.support.AbstractApplicationContext.refresh(AbstractApplicationContext.java:583)
	at org.springframework.boot.web.servlet.context.ServletWebServerApplicationContext.refresh(ServletWebServerApplicationContext.java:145)
	at org.springframework.boot.SpringApplication.refresh(SpringApplication.java:740)
	at org.springframework.boot.SpringApplication.refreshContext(SpringApplication.java:415)
	at org.springframework.boot.SpringApplication.run(SpringApplication.java:303)
	at org.springframework.boot.SpringApplication.run(SpringApplication.java:1312)
	at org.springframework.boot.SpringApplication.run(SpringApplication.java:1301)
	at com.marketkurly.MarketkurlyApplication.main(MarketkurlyApplication.java:13)
Caused by: org.h2.jdbc.JdbcSQLSyntaxErrorException: Syntax error in SQL statement "create table [*]User (id bigint generated by default as identity, email varchar(255), password varchar(255), username varchar(255), primary key (id))"; expected "identifier"; SQL statement:
create table User (id bigint generated by default as identity, email varchar(255), password varchar(255), username varchar(255), primary key (id)) [42001-200]
	at org.h2.message.DbException.getJdbcSQLException(DbException.java:453)
	at org.h2.engine.SessionRemote.done(SessionRemote.java:611)
	at org.h2.command.CommandRemote.prepare(CommandRemote.java:85)
	at org.h2.command.CommandRemote.<init>(CommandRemote.java:51)
	at org.h2.engine.SessionRemote.prepareCommand(SessionRemote.java:481)
	at org.h2.jdbc.JdbcConnection.prepareCommand(JdbcConnection.java:1235)
	at org.h2.jdbc.JdbcStatement.executeInternal(JdbcStatement.java:212)
	at org.h2.jdbc.JdbcStatement.execute(JdbcStatement.java:201)
	at com.zaxxer.hikari.pool.ProxyStatement.execute(ProxyStatement.java:94)
	at com.zaxxer.hikari.pool.HikariProxyStatement.execute(HikariProxyStatement.java)
	at org.hibernate.tool.schema.internal.exec.GenerationTargetToDatabase.accept(GenerationTargetToDatabase.java:54)
	... 34 common frames omitted
[INFO ] 11:27:30.912 o.h.e.t.j.p.i.JtaPlatformInitiator - HHH000490: Using JtaPlatform implementation: [org.hibernate.engine.transaction.jta.platform.internal.NoJtaPlatform]
[INFO ] 11:27:30.920 o.s.o.j.LocalContainerEntityManagerFactoryBean - Initialized JPA EntityManagerFactory for persistence unit 'default'
[WARN ] 11:27:31.184 o.s.b.w.s.c.AnnotationConfigServletWebServerApplicationContext - Exception encountered during context initialization - cancelling refresh attempt: org.springframework.beans.factory.UnsatisfiedDependencyException: Error creating bean with name 'userController' defined in file [D:\selfcoding\marketKurly\Backend\build\classes\java\main\com\marketkurly\controller\UserController.class]: Unsatisfied dependency expressed through constructor parameter 0; nested exception is org.springframework.beans.factory.UnsatisfiedDependencyException: Error creating bean with name 'userService' defined in file [D:\selfcoding\marketKurly\Backend\build\classes\java\main\com\marketkurly\service\UserService.class]: Unsatisfied dependency expressed through constructor parameter 0; nested exception is org.springframework.beans.factory.UnsatisfiedDependencyException: Error creating bean with name 'signupValidator' defined in file [D:\selfcoding\marketKurly\Backend\build\classes\java\main\com\marketkurly\util\SignupValidator.class]: Unsatisfied dependency expressed through constructor parameter 1; nested exception is org.springframework.beans.factory.NoSuchBeanDefinitionException: No qualifying bean of type 'org.springframework.security.crypto.password.PasswordEncoder' available: expected at least 1 bean which qualifies as autowire candidate. Dependency annotations: {}
[INFO ] 11:27:31.184 o.s.o.j.LocalContainerEntityManagerFactoryBean - Closing JPA EntityManagerFactory for persistence unit 'default'
[INFO ] 11:27:31.184 o.h.t.s.i.SchemaDropperImpl$DelayedDropActionImpl - HHH000477: Starting delayed evictData of schema as part of SessionFactory shut-down'
[ERROR] 11:27:31.186 o.h.t.s.i.SchemaDropperImpl$DelayedDropActionImpl - HHH000478: Unsuccessful: drop table if exists User CASCADE 
[INFO ] 11:27:31.188 com.zaxxer.hikari.HikariDataSource - HikariPool-1 - Shutdown initiated...
[INFO ] 11:27:31.194 com.zaxxer.hikari.HikariDataSource - HikariPool-1 - Shutdown completed.
[INFO ] 11:27:31.196 o.a.catalina.core.StandardService - Stopping service [Tomcat]
[INFO ] 11:27:31.206 o.s.b.a.l.ConditionEvaluationReportLoggingListener - 

Error starting ApplicationContext. To display the conditions report re-run your application with 'debug' enabled.
[ERROR] 11:27:31.223 o.s.b.d.LoggingFailureAnalysisReporter - 

***************************
APPLICATION FAILED TO START
***************************

Description:

Parameter 1 of constructor in com.marketkurly.util.SignupValidator required a bean of type 'org.springframework.security.crypto.password.PasswordEncoder' that could not be found.


Action:

Consider defining a bean of type 'org.springframework.security.crypto.password.PasswordEncoder' in your configuration.

[INFO ] 11:50:50.021 c.marketkurly.MarketkurlyApplication - Starting MarketkurlyApplication using Java 11.0.14 on DESKTOP-L22M668 with PID 4368 (D:\selfcoding\marketKurly\Backend\build\classes\java\main started by JAEKYUN in D:\selfcoding\marketKurly\Backend)
[INFO ] 11:50:50.021 o.h.validator.internal.util.Version - HV000001: Hibernate Validator 6.2.3.Final
[INFO ] 11:50:50.050 c.marketkurly.MarketkurlyApplication - No active profile set, falling back to 1 default profile: "default"
[INFO ] 11:50:50.784 o.s.d.r.c.RepositoryConfigurationDelegate - Bootstrapping Spring Data JPA repositories in DEFAULT mode.
[INFO ] 11:50:50.832 o.s.d.r.c.RepositoryConfigurationDelegate - Finished Spring Data repository scanning in 41 ms. Found 1 JPA repository interfaces.
[INFO ] 11:50:51.305 o.s.b.w.e.tomcat.TomcatWebServer - Tomcat initialized with port(s): 8041 (http)
[INFO ] 11:50:51.312 o.a.coyote.http11.Http11NioProtocol - Initializing ProtocolHandler ["http-nio-8041"]
[INFO ] 11:50:51.313 o.a.catalina.core.StandardService - Starting service [Tomcat]
[INFO ] 11:50:51.313 o.a.catalina.core.StandardEngine - Starting Servlet engine: [Apache Tomcat/9.0.60]
[INFO ] 11:50:51.466 o.a.c.c.C.[Tomcat].[localhost].[/] - Initializing Spring embedded WebApplicationContext
[INFO ] 11:50:51.466 o.s.b.w.s.c.ServletWebServerApplicationContext - Root WebApplicationContext: initialization completed in 1379 ms
[INFO ] 11:50:51.574 o.h.jpa.internal.util.LogHelper - HHH000204: Processing PersistenceUnitInfo [name: default]
[INFO ] 11:50:51.622 org.hibernate.Version - HHH000412: Hibernate ORM core version 5.6.7.Final
[INFO ] 11:50:51.767 o.h.annotations.common.Version - HCANN000001: Hibernate Commons Annotations {5.1.2.Final}
[INFO ] 11:50:51.854 com.zaxxer.hikari.HikariDataSource - HikariPool-1 - Starting...
[INFO ] 11:50:51.889 com.zaxxer.hikari.HikariDataSource - HikariPool-1 - Start completed.
[INFO ] 11:50:51.905 org.hibernate.dialect.Dialect - HHH000400: Using dialect: org.hibernate.dialect.H2Dialect
[WARN ] 11:50:52.366 o.h.t.s.i.ExceptionHandlerLoggedImpl - GenerationTarget encountered exception accepting command : Error executing DDL "drop table if exists User CASCADE " via JDBC Statement
org.hibernate.tool.schema.spi.CommandAcceptanceException: Error executing DDL "drop table if exists User CASCADE " via JDBC Statement
	at org.hibernate.tool.schema.internal.exec.GenerationTargetToDatabase.accept(GenerationTargetToDatabase.java:67)
	at org.hibernate.tool.schema.internal.SchemaDropperImpl.applySqlString(SchemaDropperImpl.java:387)
	at org.hibernate.tool.schema.internal.SchemaDropperImpl.applySqlStrings(SchemaDropperImpl.java:371)
	at org.hibernate.tool.schema.internal.SchemaDropperImpl.dropFromMetadata(SchemaDropperImpl.java:246)
	at org.hibernate.tool.schema.internal.SchemaDropperImpl.performDrop(SchemaDropperImpl.java:156)
	at org.hibernate.tool.schema.internal.SchemaDropperImpl.doDrop(SchemaDropperImpl.java:128)
	at org.hibernate.tool.schema.internal.SchemaDropperImpl.doDrop(SchemaDropperImpl.java:114)
	at org.hibernate.tool.schema.spi.SchemaManagementToolCoordinator.performDatabaseAction(SchemaManagementToolCoordinator.java:157)
	at org.hibernate.tool.schema.spi.SchemaManagementToolCoordinator.process(SchemaManagementToolCoordinator.java:85)
	at org.hibernate.internal.SessionFactoryImpl.<init>(SessionFactoryImpl.java:335)
	at org.hibernate.boot.internal.SessionFactoryBuilderImpl.build(SessionFactoryBuilderImpl.java:471)
	at org.hibernate.jpa.boot.internal.EntityManagerFactoryBuilderImpl.build(EntityManagerFactoryBuilderImpl.java:1498)
	at org.springframework.orm.jpa.vendor.SpringHibernateJpaPersistenceProvider.createContainerEntityManagerFactory(SpringHibernateJpaPersistenceProvider.java:58)
	at org.springframework.orm.jpa.LocalContainerEntityManagerFactoryBean.createNativeEntityManagerFactory(LocalContainerEntityManagerFactoryBean.java:365)
	at org.springframework.orm.jpa.AbstractEntityManagerFactoryBean.buildNativeEntityManagerFactory(AbstractEntityManagerFactoryBean.java:409)
	at org.springframework.orm.jpa.AbstractEntityManagerFactoryBean.afterPropertiesSet(AbstractEntityManagerFactoryBean.java:396)
	at org.springframework.orm.jpa.LocalContainerEntityManagerFactoryBean.afterPropertiesSet(LocalContainerEntityManagerFactoryBean.java:341)
	at org.springframework.beans.factory.support.AbstractAutowireCapableBeanFactory.invokeInitMethods(AbstractAutowireCapableBeanFactory.java:1863)
	at org.springframework.beans.factory.support.AbstractAutowireCapableBeanFactory.initializeBean(AbstractAutowireCapableBeanFactory.java:1800)
	at org.springframework.beans.factory.support.AbstractAutowireCapableBeanFactory.doCreateBean(AbstractAutowireCapableBeanFactory.java:620)
	at org.springframework.beans.factory.support.AbstractAutowireCapableBeanFactory.createBean(AbstractAutowireCapableBeanFactory.java:542)
	at org.springframework.beans.factory.support.AbstractBeanFactory.lambda$doGetBean$0(AbstractBeanFactory.java:335)
	at org.springframework.beans.factory.support.DefaultSingletonBeanRegistry.getSingleton(DefaultSingletonBeanRegistry.java:234)
	at org.springframework.beans.factory.support.AbstractBeanFactory.doGetBean(AbstractBeanFactory.java:333)
	at org.springframework.beans.factory.support.AbstractBeanFactory.getBean(AbstractBeanFactory.java:208)
	at org.springframework.context.support.AbstractApplicationContext.getBean(AbstractApplicationContext.java:1154)
	at org.springframework.context.support.AbstractApplicationContext.finishBeanFactoryInitialization(AbstractApplicationContext.java:908)
	at org.springframework.context.support.AbstractApplicationContext.refresh(AbstractApplicationContext.java:583)
	at org.springframework.boot.web.servlet.context.ServletWebServerApplicationContext.refresh(ServletWebServerApplicationContext.java:145)
	at org.springframework.boot.SpringApplication.refresh(SpringApplication.java:740)
	at org.springframework.boot.SpringApplication.refreshContext(SpringApplication.java:415)
	at org.springframework.boot.SpringApplication.run(SpringApplication.java:303)
	at org.springframework.boot.SpringApplication.run(SpringApplication.java:1312)
	at org.springframework.boot.SpringApplication.run(SpringApplication.java:1301)
	at com.marketkurly.MarketkurlyApplication.main(MarketkurlyApplication.java:13)
Caused by: org.h2.jdbc.JdbcSQLSyntaxErrorException: Syntax error in SQL statement "drop table if exists [*]User CASCADE "; expected "identifier"; SQL statement:
drop table if exists User CASCADE  [42001-200]
	at org.h2.message.DbException.getJdbcSQLException(DbException.java:453)
	at org.h2.engine.SessionRemote.done(SessionRemote.java:611)
	at org.h2.command.CommandRemote.prepare(CommandRemote.java:85)
	at org.h2.command.CommandRemote.<init>(CommandRemote.java:51)
	at org.h2.engine.SessionRemote.prepareCommand(SessionRemote.java:481)
	at org.h2.jdbc.JdbcConnection.prepareCommand(JdbcConnection.java:1235)
	at org.h2.jdbc.JdbcStatement.executeInternal(JdbcStatement.java:212)
	at org.h2.jdbc.JdbcStatement.execute(JdbcStatement.java:201)
	at com.zaxxer.hikari.pool.ProxyStatement.execute(ProxyStatement.java:94)
	at com.zaxxer.hikari.pool.HikariProxyStatement.execute(HikariProxyStatement.java)
	at org.hibernate.tool.schema.internal.exec.GenerationTargetToDatabase.accept(GenerationTargetToDatabase.java:54)
	... 34 common frames omitted
[WARN ] 11:50:52.369 o.h.t.s.i.ExceptionHandlerLoggedImpl - GenerationTarget encountered exception accepting command : Error executing DDL "create table User (id bigint generated by default as identity, email varchar(255), password varchar(255), username varchar(255), primary key (id))" via JDBC Statement
org.hibernate.tool.schema.spi.CommandAcceptanceException: Error executing DDL "create table User (id bigint generated by default as identity, email varchar(255), password varchar(255), username varchar(255), primary key (id))" via JDBC Statement
	at org.hibernate.tool.schema.internal.exec.GenerationTargetToDatabase.accept(GenerationTargetToDatabase.java:67)
	at org.hibernate.tool.schema.internal.SchemaCreatorImpl.applySqlString(SchemaCreatorImpl.java:458)
	at org.hibernate.tool.schema.internal.SchemaCreatorImpl.applySqlStrings(SchemaCreatorImpl.java:442)
	at org.hibernate.tool.schema.internal.SchemaCreatorImpl.createFromMetadata(SchemaCreatorImpl.java:325)
	at org.hibernate.tool.schema.internal.SchemaCreatorImpl.performCreation(SchemaCreatorImpl.java:169)
	at org.hibernate.tool.schema.internal.SchemaCreatorImpl.doCreation(SchemaCreatorImpl.java:138)
	at org.hibernate.tool.schema.internal.SchemaCreatorImpl.doCreation(SchemaCreatorImpl.java:124)
	at org.hibernate.tool.schema.spi.SchemaManagementToolCoordinator.performDatabaseAction(SchemaManagementToolCoordinator.java:168)
	at org.hibernate.tool.schema.spi.SchemaManagementToolCoordinator.process(SchemaManagementToolCoordinator.java:85)
	at org.hibernate.internal.SessionFactoryImpl.<init>(SessionFactoryImpl.java:335)
	at org.hibernate.boot.internal.SessionFactoryBuilderImpl.build(SessionFactoryBuilderImpl.java:471)
	at org.hibernate.jpa.boot.internal.EntityManagerFactoryBuilderImpl.build(EntityManagerFactoryBuilderImpl.java:1498)
	at org.springframework.orm.jpa.vendor.SpringHibernateJpaPersistenceProvider.createContainerEntityManagerFactory(SpringHibernateJpaPersistenceProvider.java:58)
	at org.springframework.orm.jpa.LocalContainerEntityManagerFactoryBean.createNativeEntityManagerFactory(LocalContainerEntityManagerFactoryBean.java:365)
	at org.springframework.orm.jpa.AbstractEntityManagerFactoryBean.buildNativeEntityManagerFactory(AbstractEntityManagerFactoryBean.java:409)
	at org.springframework.orm.jpa.AbstractEntityManagerFactoryBean.afterPropertiesSet(AbstractEntityManagerFactoryBean.java:396)
	at org.springframework.orm.jpa.LocalContainerEntityManagerFactoryBean.afterPropertiesSet(LocalContainerEntityManagerFactoryBean.java:341)
	at org.springframework.beans.factory.support.AbstractAutowireCapableBeanFactory.invokeInitMethods(AbstractAutowireCapableBeanFactory.java:1863)
	at org.springframework.beans.factory.support.AbstractAutowireCapableBeanFactory.initializeBean(AbstractAutowireCapableBeanFactory.java:1800)
	at org.springframework.beans.factory.support.AbstractAutowireCapableBeanFactory.doCreateBean(AbstractAutowireCapableBeanFactory.java:620)
	at org.springframework.beans.factory.support.AbstractAutowireCapableBeanFactory.createBean(AbstractAutowireCapableBeanFactory.java:542)
	at org.springframework.beans.factory.support.AbstractBeanFactory.lambda$doGetBean$0(AbstractBeanFactory.java:335)
	at org.springframework.beans.factory.support.DefaultSingletonBeanRegistry.getSingleton(DefaultSingletonBeanRegistry.java:234)
	at org.springframework.beans.factory.support.AbstractBeanFactory.doGetBean(AbstractBeanFactory.java:333)
	at org.springframework.beans.factory.support.AbstractBeanFactory.getBean(AbstractBeanFactory.java:208)
	at org.springframework.context.support.AbstractApplicationContext.getBean(AbstractApplicationContext.java:1154)
	at org.springframework.context.support.AbstractApplicationContext.finishBeanFactoryInitialization(AbstractApplicationContext.java:908)
	at org.springframework.context.support.AbstractApplicationContext.refresh(AbstractApplicationContext.java:583)
	at org.springframework.boot.web.servlet.context.ServletWebServerApplicationContext.refresh(ServletWebServerApplicationContext.java:145)
	at org.springframework.boot.SpringApplication.refresh(SpringApplication.java:740)
	at org.springframework.boot.SpringApplication.refreshContext(SpringApplication.java:415)
	at org.springframework.boot.SpringApplication.run(SpringApplication.java:303)
	at org.springframework.boot.SpringApplication.run(SpringApplication.java:1312)
	at org.springframework.boot.SpringApplication.run(SpringApplication.java:1301)
	at com.marketkurly.MarketkurlyApplication.main(MarketkurlyApplication.java:13)
Caused by: org.h2.jdbc.JdbcSQLSyntaxErrorException: Syntax error in SQL statement "create table [*]User (id bigint generated by default as identity, email varchar(255), password varchar(255), username varchar(255), primary key (id))"; expected "identifier"; SQL statement:
create table User (id bigint generated by default as identity, email varchar(255), password varchar(255), username varchar(255), primary key (id)) [42001-200]
	at org.h2.message.DbException.getJdbcSQLException(DbException.java:453)
	at org.h2.engine.SessionRemote.done(SessionRemote.java:611)
	at org.h2.command.CommandRemote.prepare(CommandRemote.java:85)
	at org.h2.command.CommandRemote.<init>(CommandRemote.java:51)
	at org.h2.engine.SessionRemote.prepareCommand(SessionRemote.java:481)
	at org.h2.jdbc.JdbcConnection.prepareCommand(JdbcConnection.java:1235)
	at org.h2.jdbc.JdbcStatement.executeInternal(JdbcStatement.java:212)
	at org.h2.jdbc.JdbcStatement.execute(JdbcStatement.java:201)
	at com.zaxxer.hikari.pool.ProxyStatement.execute(ProxyStatement.java:94)
	at com.zaxxer.hikari.pool.HikariProxyStatement.execute(HikariProxyStatement.java)
	at org.hibernate.tool.schema.internal.exec.GenerationTargetToDatabase.accept(GenerationTargetToDatabase.java:54)
	... 34 common frames omitted
[INFO ] 11:50:52.371 o.h.e.t.j.p.i.JtaPlatformInitiator - HHH000490: Using JtaPlatform implementation: [org.hibernate.engine.transaction.jta.platform.internal.NoJtaPlatform]
[INFO ] 11:50:52.378 o.s.o.j.LocalContainerEntityManagerFactoryBean - Initialized JPA EntityManagerFactory for persistence unit 'default'
[WARN ] 11:50:52.607 o.s.b.w.s.c.AnnotationConfigServletWebServerApplicationContext - Exception encountered during context initialization - cancelling refresh attempt: org.springframework.beans.factory.UnsatisfiedDependencyException: Error creating bean with name 'userController' defined in file [D:\selfcoding\marketKurly\Backend\build\classes\java\main\com\marketkurly\controller\UserController.class]: Unsatisfied dependency expressed through constructor parameter 0; nested exception is org.springframework.beans.factory.UnsatisfiedDependencyException: Error creating bean with name 'userService' defined in file [D:\selfcoding\marketKurly\Backend\build\classes\java\main\com\marketkurly\service\UserService.class]: Unsatisfied dependency expressed through constructor parameter 0; nested exception is org.springframework.beans.factory.UnsatisfiedDependencyException: Error creating bean with name 'signupValidator' defined in file [D:\selfcoding\marketKurly\Backend\build\classes\java\main\com\marketkurly\util\SignupValidator.class]: Unsatisfied dependency expressed through constructor parameter 1; nested exception is org.springframework.beans.factory.NoSuchBeanDefinitionException: No qualifying bean of type 'org.springframework.security.crypto.password.PasswordEncoder' available: expected at least 1 bean which qualifies as autowire candidate. Dependency annotations: {}
[INFO ] 11:50:52.607 o.s.o.j.LocalContainerEntityManagerFactoryBean - Closing JPA EntityManagerFactory for persistence unit 'default'
[INFO ] 11:50:52.607 o.h.t.s.i.SchemaDropperImpl$DelayedDropActionImpl - HHH000477: Starting delayed evictData of schema as part of SessionFactory shut-down'
[ERROR] 11:50:52.608 o.h.t.s.i.SchemaDropperImpl$DelayedDropActionImpl - HHH000478: Unsuccessful: drop table if exists User CASCADE 
[INFO ] 11:50:52.694 com.zaxxer.hikari.HikariDataSource - HikariPool-1 - Shutdown initiated...
[INFO ] 11:50:52.727 com.zaxxer.hikari.HikariDataSource - HikariPool-1 - Shutdown completed.
[INFO ] 11:50:52.729 o.a.catalina.core.StandardService - Stopping service [Tomcat]
[INFO ] 11:50:52.739 o.s.b.a.l.ConditionEvaluationReportLoggingListener - 

Error starting ApplicationContext. To display the conditions report re-run your application with 'debug' enabled.
[ERROR] 11:50:52.754 o.s.b.d.LoggingFailureAnalysisReporter - 

***************************
APPLICATION FAILED TO START
***************************

Description:

Parameter 1 of constructor in com.marketkurly.util.SignupValidator required a bean of type 'org.springframework.security.crypto.password.PasswordEncoder' that could not be found.


Action:

Consider defining a bean of type 'org.springframework.security.crypto.password.PasswordEncoder' in your configuration.

[INFO ] 11:52:00.988 o.h.validator.internal.util.Version - HV000001: Hibernate Validator 6.2.3.Final
[INFO ] 11:52:00.988 c.marketkurly.MarketkurlyApplication - Starting MarketkurlyApplication using Java 11.0.14 on DESKTOP-L22M668 with PID 41512 (D:\selfcoding\marketKurly\Backend\build\classes\java\main started by JAEKYUN in D:\selfcoding\marketKurly\Backend)
[INFO ] 11:52:00.990 c.marketkurly.MarketkurlyApplication - No active profile set, falling back to 1 default profile: "default"
[INFO ] 11:52:01.567 o.s.d.r.c.RepositoryConfigurationDelegate - Bootstrapping Spring Data JPA repositories in DEFAULT mode.
[INFO ] 11:52:01.611 o.s.d.r.c.RepositoryConfigurationDelegate - Finished Spring Data repository scanning in 36 ms. Found 1 JPA repository interfaces.
[INFO ] 11:52:02.030 o.s.b.w.e.tomcat.TomcatWebServer - Tomcat initialized with port(s): 8041 (http)
[INFO ] 11:52:02.038 o.a.coyote.http11.Http11NioProtocol - Initializing ProtocolHandler ["http-nio-8041"]
[INFO ] 11:52:02.038 o.a.catalina.core.StandardService - Starting service [Tomcat]
[INFO ] 11:52:02.039 o.a.catalina.core.StandardEngine - Starting Servlet engine: [Apache Tomcat/9.0.60]
[INFO ] 11:52:02.152 o.a.c.c.C.[Tomcat].[localhost].[/] - Initializing Spring embedded WebApplicationContext
[INFO ] 11:52:02.153 o.s.b.w.s.c.ServletWebServerApplicationContext - Root WebApplicationContext: initialization completed in 1132 ms
[INFO ] 11:52:02.252 o.h.jpa.internal.util.LogHelper - HHH000204: Processing PersistenceUnitInfo [name: default]
[INFO ] 11:52:02.288 org.hibernate.Version - HHH000412: Hibernate ORM core version 5.6.7.Final
[INFO ] 11:52:02.396 o.h.annotations.common.Version - HCANN000001: Hibernate Commons Annotations {5.1.2.Final}
[INFO ] 11:52:02.470 com.zaxxer.hikari.HikariDataSource - HikariPool-1 - Starting...
[INFO ] 11:52:02.507 com.zaxxer.hikari.HikariDataSource - HikariPool-1 - Start completed.
[INFO ] 11:52:02.525 org.hibernate.dialect.Dialect - HHH000400: Using dialect: org.hibernate.dialect.H2Dialect
[INFO ] 11:52:02.955 o.h.e.t.j.p.i.JtaPlatformInitiator - HHH000490: Using JtaPlatform implementation: [org.hibernate.engine.transaction.jta.platform.internal.NoJtaPlatform]
[INFO ] 11:52:02.962 o.s.o.j.LocalContainerEntityManagerFactoryBean - Initialized JPA EntityManagerFactory for persistence unit 'default'
[WARN ] 11:52:03.206 o.s.b.w.s.c.AnnotationConfigServletWebServerApplicationContext - Exception encountered during context initialization - cancelling refresh attempt: org.springframework.beans.factory.UnsatisfiedDependencyException: Error creating bean with name 'userController' defined in file [D:\selfcoding\marketKurly\Backend\build\classes\java\main\com\marketkurly\controller\UserController.class]: Unsatisfied dependency expressed through constructor parameter 0; nested exception is org.springframework.beans.factory.UnsatisfiedDependencyException: Error creating bean with name 'userService' defined in file [D:\selfcoding\marketKurly\Backend\build\classes\java\main\com\marketkurly\service\UserService.class]: Unsatisfied dependency expressed through constructor parameter 0; nested exception is org.springframework.beans.factory.UnsatisfiedDependencyException: Error creating bean with name 'signupValidator' defined in file [D:\selfcoding\marketKurly\Backend\build\classes\java\main\com\marketkurly\util\SignupValidator.class]: Unsatisfied dependency expressed through constructor parameter 1; nested exception is org.springframework.beans.factory.NoSuchBeanDefinitionException: No qualifying bean of type 'org.springframework.security.crypto.password.PasswordEncoder' available: expected at least 1 bean which qualifies as autowire candidate. Dependency annotations: {}
[INFO ] 11:52:03.206 o.s.o.j.LocalContainerEntityManagerFactoryBean - Closing JPA EntityManagerFactory for persistence unit 'default'
[INFO ] 11:52:03.206 o.h.t.s.i.SchemaDropperImpl$DelayedDropActionImpl - HHH000477: Starting delayed evictData of schema as part of SessionFactory shut-down'
[INFO ] 11:52:03.209 com.zaxxer.hikari.HikariDataSource - HikariPool-1 - Shutdown initiated...
[INFO ] 11:52:03.219 com.zaxxer.hikari.HikariDataSource - HikariPool-1 - Shutdown completed.
[INFO ] 11:52:03.220 o.a.catalina.core.StandardService - Stopping service [Tomcat]
[INFO ] 11:52:03.233 o.s.b.a.l.ConditionEvaluationReportLoggingListener - 

Error starting ApplicationContext. To display the conditions report re-run your application with 'debug' enabled.
[ERROR] 11:52:03.248 o.s.b.d.LoggingFailureAnalysisReporter - 

***************************
APPLICATION FAILED TO START
***************************

Description:

Parameter 1 of constructor in com.marketkurly.util.SignupValidator required a bean of type 'org.springframework.security.crypto.password.PasswordEncoder' that could not be found.


Action:

Consider defining a bean of type 'org.springframework.security.crypto.password.PasswordEncoder' in your configuration.

